2024-03-03T17:06:04.362+0800	[31mERROR[0m	controller/new.go:118	insert data error: empty connection name
github.com/GoAdminGroup/go-admin/modules/logger.Error
	/Users/taozi/go/pkg/mod/github.com/!go!admin!group/go-admin@v1.2.24/modules/logger/logger.go:285
github.com/GoAdminGroup/go-admin/plugins/admin/controller.(*Handler).NewForm
	/Users/taozi/go/pkg/mod/github.com/!go!admin!group/go-admin@v1.2.24/plugins/admin/controller/new.go:118
github.com/GoAdminGroup/go-admin/context.(*Context).Next
	/Users/taozi/go/pkg/mod/github.com/!go!admin!group/go-admin@v1.2.24/context/context.go:101
github.com/GoAdminGroup/go-admin/plugins/admin/modules/guard.(*Guard).NewForm
	/Users/taozi/go/pkg/mod/github.com/!go!admin!group/go-admin@v1.2.24/plugins/admin/modules/guard/new.go:121
github.com/GoAdminGroup/go-admin/context.(*Context).Next
	/Users/taozi/go/pkg/mod/github.com/!go!admin!group/go-admin@v1.2.24/context/context.go:101
github.com/GoAdminGroup/go-admin/plugins/admin/modules/guard.(*Guard).CheckPrefix
	/Users/taozi/go/pkg/mod/github.com/!go!admin!group/go-admin@v1.2.24/plugins/admin/modules/guard/guard.go:51
github.com/GoAdminGroup/go-admin/context.(*Context).Next
	/Users/taozi/go/pkg/mod/github.com/!go!admin!group/go-admin@v1.2.24/context/context.go:101
github.com/GoAdminGroup/go-admin/plugins/admin.(*Admin).initRouter.Middleware.(*Invoker).Middleware.func6
	/Users/taozi/go/pkg/mod/github.com/!go!admin!group/go-admin@v1.2.24/modules/auth/middleware.go:132
github.com/GoAdminGroup/go-admin/context.(*Context).Next
	/Users/taozi/go/pkg/mod/github.com/!go!admin!group/go-admin@v1.2.24/context/context.go:101
github.com/GoAdminGroup/go-admin/plugins/admin.(*Admin).globalErrorHandler
	/Users/taozi/go/pkg/mod/github.com/!go!admin!group/go-admin@v1.2.24/plugins/admin/router.go:106
github.com/GoAdminGroup/go-admin/context.(*Context).Next
	/Users/taozi/go/pkg/mod/github.com/!go!admin!group/go-admin@v1.2.24/context/context.go:101
github.com/GoAdminGroup/go-admin/adapter/gin.(*Gin).AddHandler.func1
	/Users/taozi/go/pkg/mod/github.com/!go!admin!group/go-admin@v1.2.24/adapter/gin/gin.go:87
github.com/gin-gonic/gin.(*Context).Next
	/Users/taozi/go/pkg/mod/github.com/gin-gonic/gin@v1.9.1/context.go:174
github.com/gin-gonic/gin.CustomRecoveryWithWriter.func1
	/Users/taozi/go/pkg/mod/github.com/gin-gonic/gin@v1.9.1/recovery.go:102
github.com/gin-gonic/gin.(*Context).Next
	/Users/taozi/go/pkg/mod/github.com/gin-gonic/gin@v1.9.1/context.go:174
github.com/gin-gonic/gin.LoggerWithConfig.func1
	/Users/taozi/go/pkg/mod/github.com/gin-gonic/gin@v1.9.1/logger.go:240
github.com/gin-gonic/gin.(*Context).Next
	/Users/taozi/go/pkg/mod/github.com/gin-gonic/gin@v1.9.1/context.go:174
github.com/gin-gonic/gin.(*Engine).handleHTTPRequest
	/Users/taozi/go/pkg/mod/github.com/gin-gonic/gin@v1.9.1/gin.go:620
github.com/gin-gonic/gin.(*Engine).ServeHTTP
	/Users/taozi/go/pkg/mod/github.com/gin-gonic/gin@v1.9.1/gin.go:576
net/http.serverHandler.ServeHTTP
	/Users/taozi/go/pkg/mod/golang.org/toolchain@v0.0.1-go1.21.5.darwin-arm64/src/net/http/server.go:2938
net/http.(*conn).serve
	/Users/taozi/go/pkg/mod/golang.org/toolchain@v0.0.1-go1.21.5.darwin-arm64/src/net/http/server.go:2009
2024-03-03T17:19:58.383+0800	[31mERROR[0m	controller/edit.go:146	get file engine error: open ./uploads/58deb17b-3ce1-4ff7-83d1-2bb4beb2f7ea.jpeg: no such file or directory
github.com/GoAdminGroup/go-admin/modules/logger.Error
	/Users/taozi/go/pkg/mod/github.com/!go!admin!group/go-admin@v1.2.24/modules/logger/logger.go:285
github.com/GoAdminGroup/go-admin/plugins/admin/controller.(*Handler).EditForm
	/Users/taozi/go/pkg/mod/github.com/!go!admin!group/go-admin@v1.2.24/plugins/admin/controller/edit.go:146
github.com/GoAdminGroup/go-admin/context.(*Context).Next
	/Users/taozi/go/pkg/mod/github.com/!go!admin!group/go-admin@v1.2.24/context/context.go:101
github.com/GoAdminGroup/go-admin/plugins/admin/modules/guard.(*Guard).EditForm
	/Users/taozi/go/pkg/mod/github.com/!go!admin!group/go-admin@v1.2.24/plugins/admin/modules/guard/edit.go:143
github.com/GoAdminGroup/go-admin/context.(*Context).Next
	/Users/taozi/go/pkg/mod/github.com/!go!admin!group/go-admin@v1.2.24/context/context.go:101
github.com/GoAdminGroup/go-admin/plugins/admin/modules/guard.(*Guard).CheckPrefix
	/Users/taozi/go/pkg/mod/github.com/!go!admin!group/go-admin@v1.2.24/plugins/admin/modules/guard/guard.go:51
github.com/GoAdminGroup/go-admin/context.(*Context).Next
	/Users/taozi/go/pkg/mod/github.com/!go!admin!group/go-admin@v1.2.24/context/context.go:101
github.com/GoAdminGroup/go-admin/plugins/admin.(*Admin).initRouter.Middleware.(*Invoker).Middleware.func6
	/Users/taozi/go/pkg/mod/github.com/!go!admin!group/go-admin@v1.2.24/modules/auth/middleware.go:132
github.com/GoAdminGroup/go-admin/context.(*Context).Next
	/Users/taozi/go/pkg/mod/github.com/!go!admin!group/go-admin@v1.2.24/context/context.go:101
github.com/GoAdminGroup/go-admin/plugins/admin.(*Admin).globalErrorHandler
	/Users/taozi/go/pkg/mod/github.com/!go!admin!group/go-admin@v1.2.24/plugins/admin/router.go:106
github.com/GoAdminGroup/go-admin/context.(*Context).Next
	/Users/taozi/go/pkg/mod/github.com/!go!admin!group/go-admin@v1.2.24/context/context.go:101
github.com/GoAdminGroup/go-admin/adapter/gin.(*Gin).AddHandler.func1
	/Users/taozi/go/pkg/mod/github.com/!go!admin!group/go-admin@v1.2.24/adapter/gin/gin.go:87
github.com/gin-gonic/gin.(*Context).Next
	/Users/taozi/go/pkg/mod/github.com/gin-gonic/gin@v1.9.1/context.go:174
github.com/gin-gonic/gin.CustomRecoveryWithWriter.func1
	/Users/taozi/go/pkg/mod/github.com/gin-gonic/gin@v1.9.1/recovery.go:102
github.com/gin-gonic/gin.(*Context).Next
	/Users/taozi/go/pkg/mod/github.com/gin-gonic/gin@v1.9.1/context.go:174
github.com/gin-gonic/gin.LoggerWithConfig.func1
	/Users/taozi/go/pkg/mod/github.com/gin-gonic/gin@v1.9.1/logger.go:240
github.com/gin-gonic/gin.(*Context).Next
	/Users/taozi/go/pkg/mod/github.com/gin-gonic/gin@v1.9.1/context.go:174
github.com/gin-gonic/gin.(*Engine).handleHTTPRequest
	/Users/taozi/go/pkg/mod/github.com/gin-gonic/gin@v1.9.1/gin.go:620
github.com/gin-gonic/gin.(*Engine).ServeHTTP
	/Users/taozi/go/pkg/mod/github.com/gin-gonic/gin@v1.9.1/gin.go:576
net/http.serverHandler.ServeHTTP
	/Users/taozi/go/pkg/mod/golang.org/toolchain@v0.0.1-go1.21.5.darwin-arm64/src/net/http/server.go:2938
net/http.(*conn).serve
	/Users/taozi/go/pkg/mod/golang.org/toolchain@v0.0.1-go1.21.5.darwin-arm64/src/net/http/server.go:2009
2024-03-03T17:21:41.473+0800	[31mERROR[0m	controller/edit.go:146	get file engine error: open ./public/uploads/1cf66688-f1c8-422d-bcd2-5f72ffba48e5.jpeg: no such file or directory
github.com/GoAdminGroup/go-admin/modules/logger.Error
	/Users/taozi/go/pkg/mod/github.com/!go!admin!group/go-admin@v1.2.24/modules/logger/logger.go:285
github.com/GoAdminGroup/go-admin/plugins/admin/controller.(*Handler).EditForm
	/Users/taozi/go/pkg/mod/github.com/!go!admin!group/go-admin@v1.2.24/plugins/admin/controller/edit.go:146
github.com/GoAdminGroup/go-admin/context.(*Context).Next
	/Users/taozi/go/pkg/mod/github.com/!go!admin!group/go-admin@v1.2.24/context/context.go:101
github.com/GoAdminGroup/go-admin/plugins/admin/modules/guard.(*Guard).EditForm
	/Users/taozi/go/pkg/mod/github.com/!go!admin!group/go-admin@v1.2.24/plugins/admin/modules/guard/edit.go:143
github.com/GoAdminGroup/go-admin/context.(*Context).Next
	/Users/taozi/go/pkg/mod/github.com/!go!admin!group/go-admin@v1.2.24/context/context.go:101
github.com/GoAdminGroup/go-admin/plugins/admin/modules/guard.(*Guard).CheckPrefix
	/Users/taozi/go/pkg/mod/github.com/!go!admin!group/go-admin@v1.2.24/plugins/admin/modules/guard/guard.go:51
github.com/GoAdminGroup/go-admin/context.(*Context).Next
	/Users/taozi/go/pkg/mod/github.com/!go!admin!group/go-admin@v1.2.24/context/context.go:101
github.com/GoAdminGroup/go-admin/plugins/admin.(*Admin).initRouter.Middleware.(*Invoker).Middleware.func6
	/Users/taozi/go/pkg/mod/github.com/!go!admin!group/go-admin@v1.2.24/modules/auth/middleware.go:132
github.com/GoAdminGroup/go-admin/context.(*Context).Next
	/Users/taozi/go/pkg/mod/github.com/!go!admin!group/go-admin@v1.2.24/context/context.go:101
github.com/GoAdminGroup/go-admin/plugins/admin.(*Admin).globalErrorHandler
	/Users/taozi/go/pkg/mod/github.com/!go!admin!group/go-admin@v1.2.24/plugins/admin/router.go:106
github.com/GoAdminGroup/go-admin/context.(*Context).Next
	/Users/taozi/go/pkg/mod/github.com/!go!admin!group/go-admin@v1.2.24/context/context.go:101
github.com/GoAdminGroup/go-admin/adapter/gin.(*Gin).AddHandler.func1
	/Users/taozi/go/pkg/mod/github.com/!go!admin!group/go-admin@v1.2.24/adapter/gin/gin.go:87
github.com/gin-gonic/gin.(*Context).Next
	/Users/taozi/go/pkg/mod/github.com/gin-gonic/gin@v1.9.1/context.go:174
github.com/gin-gonic/gin.CustomRecoveryWithWriter.func1
	/Users/taozi/go/pkg/mod/github.com/gin-gonic/gin@v1.9.1/recovery.go:102
github.com/gin-gonic/gin.(*Context).Next
	/Users/taozi/go/pkg/mod/github.com/gin-gonic/gin@v1.9.1/context.go:174
github.com/gin-gonic/gin.LoggerWithConfig.func1
	/Users/taozi/go/pkg/mod/github.com/gin-gonic/gin@v1.9.1/logger.go:240
github.com/gin-gonic/gin.(*Context).Next
	/Users/taozi/go/pkg/mod/github.com/gin-gonic/gin@v1.9.1/context.go:174
github.com/gin-gonic/gin.(*Engine).handleHTTPRequest
	/Users/taozi/go/pkg/mod/github.com/gin-gonic/gin@v1.9.1/gin.go:620
github.com/gin-gonic/gin.(*Engine).ServeHTTP
	/Users/taozi/go/pkg/mod/github.com/gin-gonic/gin@v1.9.1/gin.go:576
net/http.serverHandler.ServeHTTP
	/Users/taozi/go/pkg/mod/golang.org/toolchain@v0.0.1-go1.21.5.darwin-arm64/src/net/http/server.go:2938
net/http.(*conn).serve
	/Users/taozi/go/pkg/mod/golang.org/toolchain@v0.0.1-go1.21.5.darwin-arm64/src/net/http/server.go:2009
2024-03-03T17:24:22.224+0800	[31mERROR[0m	controller/edit.go:146	get file engine error: open /public/uploads/df684b95-aed6-4545-9be0-a8930409273f.jpeg: no such file or directory
github.com/GoAdminGroup/go-admin/modules/logger.Error
	/Users/taozi/go/pkg/mod/github.com/!go!admin!group/go-admin@v1.2.24/modules/logger/logger.go:285
github.com/GoAdminGroup/go-admin/plugins/admin/controller.(*Handler).EditForm
	/Users/taozi/go/pkg/mod/github.com/!go!admin!group/go-admin@v1.2.24/plugins/admin/controller/edit.go:146
github.com/GoAdminGroup/go-admin/context.(*Context).Next
	/Users/taozi/go/pkg/mod/github.com/!go!admin!group/go-admin@v1.2.24/context/context.go:101
github.com/GoAdminGroup/go-admin/plugins/admin/modules/guard.(*Guard).EditForm
	/Users/taozi/go/pkg/mod/github.com/!go!admin!group/go-admin@v1.2.24/plugins/admin/modules/guard/edit.go:143
github.com/GoAdminGroup/go-admin/context.(*Context).Next
	/Users/taozi/go/pkg/mod/github.com/!go!admin!group/go-admin@v1.2.24/context/context.go:101
github.com/GoAdminGroup/go-admin/plugins/admin/modules/guard.(*Guard).CheckPrefix
	/Users/taozi/go/pkg/mod/github.com/!go!admin!group/go-admin@v1.2.24/plugins/admin/modules/guard/guard.go:51
github.com/GoAdminGroup/go-admin/context.(*Context).Next
	/Users/taozi/go/pkg/mod/github.com/!go!admin!group/go-admin@v1.2.24/context/context.go:101
github.com/GoAdminGroup/go-admin/plugins/admin.(*Admin).initRouter.Middleware.(*Invoker).Middleware.func6
	/Users/taozi/go/pkg/mod/github.com/!go!admin!group/go-admin@v1.2.24/modules/auth/middleware.go:132
github.com/GoAdminGroup/go-admin/context.(*Context).Next
	/Users/taozi/go/pkg/mod/github.com/!go!admin!group/go-admin@v1.2.24/context/context.go:101
github.com/GoAdminGroup/go-admin/plugins/admin.(*Admin).globalErrorHandler
	/Users/taozi/go/pkg/mod/github.com/!go!admin!group/go-admin@v1.2.24/plugins/admin/router.go:106
github.com/GoAdminGroup/go-admin/context.(*Context).Next
	/Users/taozi/go/pkg/mod/github.com/!go!admin!group/go-admin@v1.2.24/context/context.go:101
github.com/GoAdminGroup/go-admin/adapter/gin.(*Gin).AddHandler.func1
	/Users/taozi/go/pkg/mod/github.com/!go!admin!group/go-admin@v1.2.24/adapter/gin/gin.go:87
github.com/gin-gonic/gin.(*Context).Next
	/Users/taozi/go/pkg/mod/github.com/gin-gonic/gin@v1.9.1/context.go:174
github.com/gin-gonic/gin.CustomRecoveryWithWriter.func1
	/Users/taozi/go/pkg/mod/github.com/gin-gonic/gin@v1.9.1/recovery.go:102
github.com/gin-gonic/gin.(*Context).Next
	/Users/taozi/go/pkg/mod/github.com/gin-gonic/gin@v1.9.1/context.go:174
github.com/gin-gonic/gin.LoggerWithConfig.func1
	/Users/taozi/go/pkg/mod/github.com/gin-gonic/gin@v1.9.1/logger.go:240
github.com/gin-gonic/gin.(*Context).Next
	/Users/taozi/go/pkg/mod/github.com/gin-gonic/gin@v1.9.1/context.go:174
github.com/gin-gonic/gin.(*Engine).handleHTTPRequest
	/Users/taozi/go/pkg/mod/github.com/gin-gonic/gin@v1.9.1/gin.go:620
github.com/gin-gonic/gin.(*Engine).ServeHTTP
	/Users/taozi/go/pkg/mod/github.com/gin-gonic/gin@v1.9.1/gin.go:576
net/http.serverHandler.ServeHTTP
	/Users/taozi/go/pkg/mod/golang.org/toolchain@v0.0.1-go1.21.5.darwin-arm64/src/net/http/server.go:2938
net/http.(*conn).serve
	/Users/taozi/go/pkg/mod/golang.org/toolchain@v0.0.1-go1.21.5.darwin-arm64/src/net/http/server.go:2009
2024-03-03T17:24:56.289+0800	[31mERROR[0m	controller/edit.go:146	get file engine error: open ./public/uploads/8a8b3313-a653-4578-92cb-bcecaa643980.jpeg: no such file or directory
github.com/GoAdminGroup/go-admin/modules/logger.Error
	/Users/taozi/go/pkg/mod/github.com/!go!admin!group/go-admin@v1.2.24/modules/logger/logger.go:285
github.com/GoAdminGroup/go-admin/plugins/admin/controller.(*Handler).EditForm
	/Users/taozi/go/pkg/mod/github.com/!go!admin!group/go-admin@v1.2.24/plugins/admin/controller/edit.go:146
github.com/GoAdminGroup/go-admin/context.(*Context).Next
	/Users/taozi/go/pkg/mod/github.com/!go!admin!group/go-admin@v1.2.24/context/context.go:101
github.com/GoAdminGroup/go-admin/plugins/admin/modules/guard.(*Guard).EditForm
	/Users/taozi/go/pkg/mod/github.com/!go!admin!group/go-admin@v1.2.24/plugins/admin/modules/guard/edit.go:143
github.com/GoAdminGroup/go-admin/context.(*Context).Next
	/Users/taozi/go/pkg/mod/github.com/!go!admin!group/go-admin@v1.2.24/context/context.go:101
github.com/GoAdminGroup/go-admin/plugins/admin/modules/guard.(*Guard).CheckPrefix
	/Users/taozi/go/pkg/mod/github.com/!go!admin!group/go-admin@v1.2.24/plugins/admin/modules/guard/guard.go:51
github.com/GoAdminGroup/go-admin/context.(*Context).Next
	/Users/taozi/go/pkg/mod/github.com/!go!admin!group/go-admin@v1.2.24/context/context.go:101
github.com/GoAdminGroup/go-admin/plugins/admin.(*Admin).initRouter.Middleware.(*Invoker).Middleware.func6
	/Users/taozi/go/pkg/mod/github.com/!go!admin!group/go-admin@v1.2.24/modules/auth/middleware.go:132
github.com/GoAdminGroup/go-admin/context.(*Context).Next
	/Users/taozi/go/pkg/mod/github.com/!go!admin!group/go-admin@v1.2.24/context/context.go:101
github.com/GoAdminGroup/go-admin/plugins/admin.(*Admin).globalErrorHandler
	/Users/taozi/go/pkg/mod/github.com/!go!admin!group/go-admin@v1.2.24/plugins/admin/router.go:106
github.com/GoAdminGroup/go-admin/context.(*Context).Next
	/Users/taozi/go/pkg/mod/github.com/!go!admin!group/go-admin@v1.2.24/context/context.go:101
github.com/GoAdminGroup/go-admin/adapter/gin.(*Gin).AddHandler.func1
	/Users/taozi/go/pkg/mod/github.com/!go!admin!group/go-admin@v1.2.24/adapter/gin/gin.go:87
github.com/gin-gonic/gin.(*Context).Next
	/Users/taozi/go/pkg/mod/github.com/gin-gonic/gin@v1.9.1/context.go:174
github.com/gin-gonic/gin.CustomRecoveryWithWriter.func1
	/Users/taozi/go/pkg/mod/github.com/gin-gonic/gin@v1.9.1/recovery.go:102
github.com/gin-gonic/gin.(*Context).Next
	/Users/taozi/go/pkg/mod/github.com/gin-gonic/gin@v1.9.1/context.go:174
github.com/gin-gonic/gin.LoggerWithConfig.func1
	/Users/taozi/go/pkg/mod/github.com/gin-gonic/gin@v1.9.1/logger.go:240
github.com/gin-gonic/gin.(*Context).Next
	/Users/taozi/go/pkg/mod/github.com/gin-gonic/gin@v1.9.1/context.go:174
github.com/gin-gonic/gin.(*Engine).handleHTTPRequest
	/Users/taozi/go/pkg/mod/github.com/gin-gonic/gin@v1.9.1/gin.go:620
github.com/gin-gonic/gin.(*Engine).ServeHTTP
	/Users/taozi/go/pkg/mod/github.com/gin-gonic/gin@v1.9.1/gin.go:576
net/http.serverHandler.ServeHTTP
	/Users/taozi/go/pkg/mod/golang.org/toolchain@v0.0.1-go1.21.5.darwin-arm64/src/net/http/server.go:2938
net/http.(*conn).serve
	/Users/taozi/go/pkg/mod/golang.org/toolchain@v0.0.1-go1.21.5.darwin-arm64/src/net/http/server.go:2009
2024-03-03T17:26:42.061+0800	[31mERROR[0m	controller/edit.go:146	get file engine error: open ./public/uploads/47e5709f-418f-451a-8f9c-021b5f56313d.jpeg: no such file or directory
github.com/GoAdminGroup/go-admin/modules/logger.Error
	/Users/taozi/go/pkg/mod/github.com/!go!admin!group/go-admin@v1.2.24/modules/logger/logger.go:285
github.com/GoAdminGroup/go-admin/plugins/admin/controller.(*Handler).EditForm
	/Users/taozi/go/pkg/mod/github.com/!go!admin!group/go-admin@v1.2.24/plugins/admin/controller/edit.go:146
github.com/GoAdminGroup/go-admin/context.(*Context).Next
	/Users/taozi/go/pkg/mod/github.com/!go!admin!group/go-admin@v1.2.24/context/context.go:101
github.com/GoAdminGroup/go-admin/plugins/admin/modules/guard.(*Guard).EditForm
	/Users/taozi/go/pkg/mod/github.com/!go!admin!group/go-admin@v1.2.24/plugins/admin/modules/guard/edit.go:143
github.com/GoAdminGroup/go-admin/context.(*Context).Next
	/Users/taozi/go/pkg/mod/github.com/!go!admin!group/go-admin@v1.2.24/context/context.go:101
github.com/GoAdminGroup/go-admin/plugins/admin/modules/guard.(*Guard).CheckPrefix
	/Users/taozi/go/pkg/mod/github.com/!go!admin!group/go-admin@v1.2.24/plugins/admin/modules/guard/guard.go:51
github.com/GoAdminGroup/go-admin/context.(*Context).Next
	/Users/taozi/go/pkg/mod/github.com/!go!admin!group/go-admin@v1.2.24/context/context.go:101
github.com/GoAdminGroup/go-admin/plugins/admin.(*Admin).initRouter.Middleware.(*Invoker).Middleware.func6
	/Users/taozi/go/pkg/mod/github.com/!go!admin!group/go-admin@v1.2.24/modules/auth/middleware.go:132
github.com/GoAdminGroup/go-admin/context.(*Context).Next
	/Users/taozi/go/pkg/mod/github.com/!go!admin!group/go-admin@v1.2.24/context/context.go:101
github.com/GoAdminGroup/go-admin/plugins/admin.(*Admin).globalErrorHandler
	/Users/taozi/go/pkg/mod/github.com/!go!admin!group/go-admin@v1.2.24/plugins/admin/router.go:106
github.com/GoAdminGroup/go-admin/context.(*Context).Next
	/Users/taozi/go/pkg/mod/github.com/!go!admin!group/go-admin@v1.2.24/context/context.go:101
github.com/GoAdminGroup/go-admin/adapter/gin.(*Gin).AddHandler.func1
	/Users/taozi/go/pkg/mod/github.com/!go!admin!group/go-admin@v1.2.24/adapter/gin/gin.go:87
github.com/gin-gonic/gin.(*Context).Next
	/Users/taozi/go/pkg/mod/github.com/gin-gonic/gin@v1.9.1/context.go:174
github.com/gin-gonic/gin.CustomRecoveryWithWriter.func1
	/Users/taozi/go/pkg/mod/github.com/gin-gonic/gin@v1.9.1/recovery.go:102
github.com/gin-gonic/gin.(*Context).Next
	/Users/taozi/go/pkg/mod/github.com/gin-gonic/gin@v1.9.1/context.go:174
github.com/gin-gonic/gin.LoggerWithConfig.func1
	/Users/taozi/go/pkg/mod/github.com/gin-gonic/gin@v1.9.1/logger.go:240
github.com/gin-gonic/gin.(*Context).Next
	/Users/taozi/go/pkg/mod/github.com/gin-gonic/gin@v1.9.1/context.go:174
github.com/gin-gonic/gin.(*Engine).handleHTTPRequest
	/Users/taozi/go/pkg/mod/github.com/gin-gonic/gin@v1.9.1/gin.go:620
github.com/gin-gonic/gin.(*Engine).ServeHTTP
	/Users/taozi/go/pkg/mod/github.com/gin-gonic/gin@v1.9.1/gin.go:576
net/http.serverHandler.ServeHTTP
	/Users/taozi/go/pkg/mod/golang.org/toolchain@v0.0.1-go1.21.5.darwin-arm64/src/net/http/server.go:2938
net/http.(*conn).serve
	/Users/taozi/go/pkg/mod/golang.org/toolchain@v0.0.1-go1.21.5.darwin-arm64/src/net/http/server.go:2009
2024-03-03T17:28:31.115+0800	[31mERROR[0m	controller/edit.go:146	get file engine error: open ./public/uploads/853cfe78-b592-45ef-92a5-40d49fd401ee.jpeg: no such file or directory
github.com/GoAdminGroup/go-admin/modules/logger.Error
	/Users/taozi/go/pkg/mod/github.com/!go!admin!group/go-admin@v1.2.24/modules/logger/logger.go:285
github.com/GoAdminGroup/go-admin/plugins/admin/controller.(*Handler).EditForm
	/Users/taozi/go/pkg/mod/github.com/!go!admin!group/go-admin@v1.2.24/plugins/admin/controller/edit.go:146
github.com/GoAdminGroup/go-admin/context.(*Context).Next
	/Users/taozi/go/pkg/mod/github.com/!go!admin!group/go-admin@v1.2.24/context/context.go:101
github.com/GoAdminGroup/go-admin/plugins/admin/modules/guard.(*Guard).EditForm
	/Users/taozi/go/pkg/mod/github.com/!go!admin!group/go-admin@v1.2.24/plugins/admin/modules/guard/edit.go:143
github.com/GoAdminGroup/go-admin/context.(*Context).Next
	/Users/taozi/go/pkg/mod/github.com/!go!admin!group/go-admin@v1.2.24/context/context.go:101
github.com/GoAdminGroup/go-admin/plugins/admin/modules/guard.(*Guard).CheckPrefix
	/Users/taozi/go/pkg/mod/github.com/!go!admin!group/go-admin@v1.2.24/plugins/admin/modules/guard/guard.go:51
github.com/GoAdminGroup/go-admin/context.(*Context).Next
	/Users/taozi/go/pkg/mod/github.com/!go!admin!group/go-admin@v1.2.24/context/context.go:101
github.com/GoAdminGroup/go-admin/plugins/admin.(*Admin).initRouter.Middleware.(*Invoker).Middleware.func6
	/Users/taozi/go/pkg/mod/github.com/!go!admin!group/go-admin@v1.2.24/modules/auth/middleware.go:132
github.com/GoAdminGroup/go-admin/context.(*Context).Next
	/Users/taozi/go/pkg/mod/github.com/!go!admin!group/go-admin@v1.2.24/context/context.go:101
github.com/GoAdminGroup/go-admin/plugins/admin.(*Admin).globalErrorHandler
	/Users/taozi/go/pkg/mod/github.com/!go!admin!group/go-admin@v1.2.24/plugins/admin/router.go:106
github.com/GoAdminGroup/go-admin/context.(*Context).Next
	/Users/taozi/go/pkg/mod/github.com/!go!admin!group/go-admin@v1.2.24/context/context.go:101
github.com/GoAdminGroup/go-admin/adapter/gin.(*Gin).AddHandler.func1
	/Users/taozi/go/pkg/mod/github.com/!go!admin!group/go-admin@v1.2.24/adapter/gin/gin.go:87
github.com/gin-gonic/gin.(*Context).Next
	/Users/taozi/go/pkg/mod/github.com/gin-gonic/gin@v1.9.1/context.go:174
github.com/gin-gonic/gin.CustomRecoveryWithWriter.func1
	/Users/taozi/go/pkg/mod/github.com/gin-gonic/gin@v1.9.1/recovery.go:102
github.com/gin-gonic/gin.(*Context).Next
	/Users/taozi/go/pkg/mod/github.com/gin-gonic/gin@v1.9.1/context.go:174
github.com/gin-gonic/gin.LoggerWithConfig.func1
	/Users/taozi/go/pkg/mod/github.com/gin-gonic/gin@v1.9.1/logger.go:240
github.com/gin-gonic/gin.(*Context).Next
	/Users/taozi/go/pkg/mod/github.com/gin-gonic/gin@v1.9.1/context.go:174
github.com/gin-gonic/gin.(*Engine).handleHTTPRequest
	/Users/taozi/go/pkg/mod/github.com/gin-gonic/gin@v1.9.1/gin.go:620
github.com/gin-gonic/gin.(*Engine).ServeHTTP
	/Users/taozi/go/pkg/mod/github.com/gin-gonic/gin@v1.9.1/gin.go:576
net/http.serverHandler.ServeHTTP
	/Users/taozi/go/pkg/mod/golang.org/toolchain@v0.0.1-go1.21.5.darwin-arm64/src/net/http/server.go:2938
net/http.(*conn).serve
	/Users/taozi/go/pkg/mod/golang.org/toolchain@v0.0.1-go1.21.5.darwin-arm64/src/net/http/server.go:2009
