2024-03-03T16:56:09.377+0800	[34mINFO[0m	engine/engine.go:402	=====> 初始化数据库连接
2024-03-03T16:58:02.399+0800	[34mINFO[0m	engine/engine.go:402	=====> 初始化数据库连接
2024-03-03T16:59:32.286+0800	[34mINFO[0m	engine/engine.go:402	=====> 初始化数据库连接
2024-03-03T16:59:32.289+0800	[34mINFO[0m	engine/engine.go:402	=====> 初始化配置
2024-03-03T16:59:32.311+0800	[34mINFO[0m	engine/engine.go:402	=====> 初始化导航栏按钮
2024-03-03T16:59:32.311+0800	[34mINFO[0m	engine/engine.go:402	=====> 初始化插件
2024-03-03T16:59:32.311+0800	[34mINFO[0m	engine/engine.go:402	=====> 初始化成功🍺🍺
2024-03-03T17:05:06.233+0800	[34mINFO[0m	engine/engine.go:402	=====> 初始化数据库连接
2024-03-03T17:05:06.236+0800	[34mINFO[0m	engine/engine.go:402	=====> 初始化配置
2024-03-03T17:05:06.237+0800	[34mINFO[0m	engine/engine.go:402	=====> 初始化导航栏按钮
2024-03-03T17:05:06.237+0800	[34mINFO[0m	engine/engine.go:402	=====> 初始化插件
2024-03-03T17:05:06.237+0800	[34mINFO[0m	engine/engine.go:402	=====> --> filemanager
2024-03-03T17:05:06.238+0800	[34mINFO[0m	engine/engine.go:402	=====> 初始化成功🍺🍺
2024-03-03T17:21:25.054+0800	[34mINFO[0m	engine/engine.go:402	=====> 初始化数据库连接
2024-03-03T17:21:25.056+0800	[34mINFO[0m	engine/engine.go:402	=====> 初始化配置
2024-03-03T17:21:25.058+0800	[34mINFO[0m	engine/engine.go:402	=====> 初始化导航栏按钮
2024-03-03T17:21:25.058+0800	[34mINFO[0m	engine/engine.go:402	=====> 初始化插件
2024-03-03T17:21:25.058+0800	[34mINFO[0m	engine/engine.go:402	=====> --> filemanager
2024-03-03T17:21:25.058+0800	[34mINFO[0m	engine/engine.go:402	=====> 初始化成功🍺🍺
2024-03-03T17:24:01.544+0800	[34mINFO[0m	engine/engine.go:402	=====> 初始化数据库连接
2024-03-03T17:24:01.546+0800	[34mINFO[0m	engine/engine.go:402	=====> 初始化配置
2024-03-03T17:24:01.547+0800	[34mINFO[0m	engine/engine.go:402	=====> 初始化导航栏按钮
2024-03-03T17:24:01.547+0800	[34mINFO[0m	engine/engine.go:402	=====> 初始化插件
2024-03-03T17:24:01.547+0800	[34mINFO[0m	engine/engine.go:402	=====> --> filemanager
2024-03-03T17:24:01.548+0800	[34mINFO[0m	engine/engine.go:402	=====> 初始化成功🍺🍺
2024-03-03T17:24:44.638+0800	[34mINFO[0m	engine/engine.go:402	=====> 初始化数据库连接
2024-03-03T17:24:44.639+0800	[34mINFO[0m	engine/engine.go:402	=====> 初始化配置
2024-03-03T17:24:44.641+0800	[34mINFO[0m	engine/engine.go:402	=====> 初始化导航栏按钮
2024-03-03T17:24:44.641+0800	[34mINFO[0m	engine/engine.go:402	=====> 初始化插件
2024-03-03T17:24:44.641+0800	[34mINFO[0m	engine/engine.go:402	=====> --> filemanager
2024-03-03T17:24:44.641+0800	[34mINFO[0m	engine/engine.go:402	=====> 初始化成功🍺🍺
2024-03-03T17:26:33.634+0800	[34mINFO[0m	engine/engine.go:402	=====> 初始化数据库连接
2024-03-03T17:26:33.635+0800	[34mINFO[0m	engine/engine.go:402	=====> 初始化配置
2024-03-03T17:26:33.637+0800	[34mINFO[0m	engine/engine.go:402	=====> 初始化导航栏按钮
2024-03-03T17:26:33.637+0800	[34mINFO[0m	engine/engine.go:402	=====> 初始化插件
2024-03-03T17:26:33.637+0800	[34mINFO[0m	engine/engine.go:402	=====> --> filemanager
2024-03-03T17:26:33.637+0800	[34mINFO[0m	engine/engine.go:402	=====> 初始化成功🍺🍺
2024-03-03T17:29:01.376+0800	[34mINFO[0m	engine/engine.go:402	=====> 初始化数据库连接
2024-03-03T17:29:01.379+0800	[34mINFO[0m	engine/engine.go:402	=====> 初始化配置
2024-03-03T17:29:01.381+0800	[34mINFO[0m	engine/engine.go:402	=====> 初始化导航栏按钮
2024-03-03T17:29:01.381+0800	[34mINFO[0m	engine/engine.go:402	=====> 初始化插件
2024-03-03T17:29:01.381+0800	[34mINFO[0m	engine/engine.go:402	=====> --> filemanager
2024-03-03T17:29:01.382+0800	[34mINFO[0m	engine/engine.go:402	=====> 初始化成功🍺🍺
2024-03-03T17:30:31.730+0800	[34mINFO[0m	engine/engine.go:402	=====> 初始化数据库连接
2024-03-03T17:30:31.731+0800	[34mINFO[0m	engine/engine.go:402	=====> 初始化配置
2024-03-03T17:30:31.733+0800	[34mINFO[0m	engine/engine.go:402	=====> 初始化导航栏按钮
2024-03-03T17:30:31.733+0800	[34mINFO[0m	engine/engine.go:402	=====> 初始化插件
2024-03-03T17:30:31.733+0800	[34mINFO[0m	engine/engine.go:402	=====> --> filemanager
2024-03-03T17:30:31.733+0800	[34mINFO[0m	engine/engine.go:402	=====> 初始化成功🍺🍺
2024-03-03T17:31:26.373+0800	[34mINFO[0m	engine/engine.go:402	=====> 初始化数据库连接
2024-03-03T17:31:26.375+0800	[34mINFO[0m	engine/engine.go:402	=====> 初始化配置
2024-03-03T17:31:26.376+0800	[34mINFO[0m	engine/engine.go:402	=====> 初始化导航栏按钮
2024-03-03T17:31:26.376+0800	[34mINFO[0m	engine/engine.go:402	=====> 初始化插件
2024-03-03T17:31:26.376+0800	[34mINFO[0m	engine/engine.go:402	=====> --> filemanager
2024-03-03T17:31:26.377+0800	[34mINFO[0m	engine/engine.go:402	=====> 初始化成功🍺🍺
2024-03-03T17:31:54.105+0800	[34mINFO[0m	engine/engine.go:402	=====> 初始化数据库连接
2024-03-03T17:31:54.107+0800	[34mINFO[0m	engine/engine.go:402	=====> 初始化配置
2024-03-03T17:31:54.109+0800	[34mINFO[0m	engine/engine.go:402	=====> 初始化导航栏按钮
2024-03-03T17:31:54.109+0800	[34mINFO[0m	engine/engine.go:402	=====> 初始化插件
2024-03-03T17:31:54.109+0800	[34mINFO[0m	engine/engine.go:402	=====> --> filemanager
2024-03-03T17:31:54.110+0800	[34mINFO[0m	engine/engine.go:402	=====> 初始化成功🍺🍺
